<?xml version="1.0" encoding="UTF-8"?>
<!-- Generated by org.testng.reporters.JUnitXMLReporter -->
<testsuite ignored="0" hostname="DESKTOP-42J99NO" failures="0" tests="7" name="Post API" time="22.035" errors="0" timestamp="2023-10-26T20:25:02 EEST">
  <testcase classname="weare.api.testing.post.CreatePostTest" name="PostCreated_WhenInputValidSymbolsAndClickCreatePostButton" time="1.14"/>
  <testcase classname="weare.api.testing.post.CreatePostTest" name="PostCreated_When_InputValid1CharacterLongMessageAndClickCreatePost" time="1.12"/>
  <testcase classname="weare.api.testing.post.CreatePostTest" name="PostCreated_When_InputValid220CharactersLongMessageAndClickCreatePost" time="1.501"/>
  <testcase classname="weare.api.testing.post.EditPostTest" name="PostEdited_When_ClickEditPostButton" time="0.523"/>
  <testcase classname="weare.api.testing.post.LikeDislikeAPostTest" name="PostLikedAndDisliked_When_ClickLikeAndDislikeButtons" time="1.814"/>
  <testcase classname="weare.api.testing.post.GetNewsFeedTest" name="AllPostsRetrieved_When_ClickGetAllPostsButton" time="6.68"/>
  <testcase classname="weare.api.testing.post.DeleteAPostTest" name="PostDeleted_When_ClickDeletePost" time="1.662"/>
</testsuite> <!-- Post API -->
