<?xml version="1.0" encoding="UTF-8"?>
<testng-results ignored="0" total="22" passed="19" failed="3" skipped="0">
  <reporter-output>
  </reporter-output>
  <suite started-at="2023-10-19T19:15:00 EEST" name="Surefire suite" finished-at="2023-10-19T19:15:49 EEST" duration-ms="48576">
    <groups>
    </groups>
    <test started-at="2023-10-19T19:15:00 EEST" name="Surefire test" finished-at="2023-10-19T19:15:49 EEST" duration-ms="48576">
      <class name="weare.api.testing.post.EditPostTest">
        <test-method is-config="true" signature="setup()[pri:0, instance:weare.api.testing.post.EditPostTest@7cbd9d24]" started-at="2023-10-19T19:15:30 EEST" name="setup" finished-at="2023-10-19T19:15:31 EEST" duration-ms="1118" status="PASS">
          <reporter-output>
          </reporter-output>
        </test-method> <!-- setup -->
        <test-method signature="editPost_Successful()[pri:0, instance:weare.api.testing.post.EditPostTest@7cbd9d24]" started-at="2023-10-19T19:15:31 EEST" name="editPost_Successful" finished-at="2023-10-19T19:15:32 EEST" duration-ms="514" status="PASS">
          <reporter-output>
          </reporter-output>
        </test-method> <!-- editPost_Successful -->
        <test-method is-config="true" signature="tearDown()[pri:0, instance:weare.api.testing.post.EditPostTest@7cbd9d24]" started-at="2023-10-19T19:15:48 EEST" name="tearDown" finished-at="2023-10-19T19:15:49 EEST" duration-ms="364" status="PASS">
          <reporter-output>
          </reporter-output>
        </test-method> <!-- tearDown -->
      </class> <!-- weare.api.testing.post.EditPostTest -->
      <class name="weare.api.testing.post.CreatePostTest">
        <test-method is-config="true" signature="setup()[pri:0, instance:weare.api.testing.post.CreatePostTest@147a5d08]" started-at="2023-10-19T19:15:26 EEST" name="setup" finished-at="2023-10-19T19:15:26 EEST" duration-ms="0" status="PASS">
          <reporter-output>
          </reporter-output>
        </test-method> <!-- setup -->
        <test-method signature="createPost_Successful()[pri:0, instance:weare.api.testing.post.CreatePostTest@147a5d08]" started-at="2023-10-19T19:15:26 EEST" name="createPost_Successful" finished-at="2023-10-19T19:15:27 EEST" duration-ms="975" status="PASS">
          <reporter-output>
          </reporter-output>
        </test-method> <!-- createPost_Successful -->
        <test-method is-config="true" signature="tearDown()[pri:0, instance:weare.api.testing.post.CreatePostTest@147a5d08]" started-at="2023-10-19T19:15:27 EEST" name="tearDown" finished-at="2023-10-19T19:15:27 EEST" duration-ms="0" status="PASS">
          <reporter-output>
          </reporter-output>
        </test-method> <!-- tearDown -->
      </class> <!-- weare.api.testing.post.CreatePostTest -->
      <class name="weare.api.testing.comment.CreateCommentTest">
        <test-method is-config="true" signature="setup()[pri:0, instance:weare.api.testing.comment.CreateCommentTest@2812b107]" started-at="2023-10-19T19:15:00 EEST" name="setup" finished-at="2023-10-19T19:15:04 EEST" duration-ms="3854" status="PASS">
          <reporter-output>
          </reporter-output>
        </test-method> <!-- setup -->
        <test-method signature="createComment_Successful()[pri:0, instance:weare.api.testing.comment.CreateCommentTest@2812b107]" started-at="2023-10-19T19:15:04 EEST" name="createComment_Successful" finished-at="2023-10-19T19:15:05 EEST" duration-ms="966" status="PASS">
          <reporter-output>
          </reporter-output>
        </test-method> <!-- createComment_Successful -->
        <test-method is-config="true" signature="tearDown()[pri:0, instance:weare.api.testing.comment.CreateCommentTest@2812b107]" started-at="2023-10-19T19:15:05 EEST" name="tearDown" finished-at="2023-10-19T19:15:06 EEST" duration-ms="932" status="PASS">
          <reporter-output>
          </reporter-output>
        </test-method> <!-- tearDown -->
      </class> <!-- weare.api.testing.comment.CreateCommentTest -->
      <class name="weare.api.testing.users.GetUsersTests">
        <test-method is-config="true" signature="setup()[pri:0, instance:weare.api.testing.users.GetUsersTests@6bf08014]" started-at="2023-10-19T19:15:39 EEST" name="setup" finished-at="2023-10-19T19:15:39 EEST" duration-ms="1" status="PASS">
          <reporter-output>
          </reporter-output>
        </test-method> <!-- setup -->
        <test-method signature="getUsers_Successful()[pri:0, instance:weare.api.testing.users.GetUsersTests@6bf08014]" started-at="2023-10-19T19:15:39 EEST" name="getUsers_Successful" finished-at="2023-10-19T19:15:47 EEST" duration-ms="8126" status="PASS">
          <reporter-output>
          </reporter-output>
        </test-method> <!-- getUsers_Successful -->
        <test-method is-config="true" signature="setupClass()[pri:0, instance:weare.api.testing.users.GetUsersTests@6bf08014]" started-at="2023-10-19T19:15:39 EEST" name="setupClass" finished-at="2023-10-19T19:15:39 EEST" duration-ms="0" status="PASS">
          <reporter-output>
          </reporter-output>
        </test-method> <!-- setupClass -->
      </class> <!-- weare.api.testing.users.GetUsersTests -->
      <class name="weare.api.testing.skill.GetOneSkillTests">
        <test-method is-config="true" signature="setup()[pri:0, instance:weare.api.testing.skill.GetOneSkillTests@10f7f7de]" started-at="2023-10-19T19:15:35 EEST" name="setup" finished-at="2023-10-19T19:15:36 EEST" duration-ms="270" status="PASS">
          <reporter-output>
          </reporter-output>
        </test-method> <!-- setup -->
        <test-method signature="getOneSkillById_Successful()[pri:0, instance:weare.api.testing.skill.GetOneSkillTests@10f7f7de]" started-at="2023-10-19T19:15:36 EEST" name="getOneSkillById_Successful" finished-at="2023-10-19T19:15:36 EEST" duration-ms="231" status="PASS">
          <reporter-output>
          </reporter-output>
        </test-method> <!-- getOneSkillById_Successful -->
        <test-method is-config="true" signature="tearDown()[pri:0, instance:weare.api.testing.skill.GetOneSkillTests@10f7f7de]" started-at="2023-10-19T19:15:36 EEST" name="tearDown" finished-at="2023-10-19T19:15:36 EEST" duration-ms="274" status="PASS">
          <reporter-output>
          </reporter-output>
        </test-method> <!-- tearDown -->
      </class> <!-- weare.api.testing.skill.GetOneSkillTests -->
      <class name="weare.api.testing.skill.GetAllSkillsTests">
        <test-method is-config="true" signature="setup()[pri:0, instance:weare.api.testing.skill.GetAllSkillsTests@11f0a5a1]" started-at="2023-10-19T19:15:35 EEST" name="setup" finished-at="2023-10-19T19:15:35 EEST" duration-ms="282" status="PASS">
          <reporter-output>
          </reporter-output>
        </test-method> <!-- setup -->
        <test-method signature="newlyCreatedSkill_returned_whenGetAllSkills()[pri:0, instance:weare.api.testing.skill.GetAllSkillsTests@11f0a5a1]" started-at="2023-10-19T19:15:35 EEST" name="newlyCreatedSkill_returned_whenGetAllSkills" finished-at="2023-10-19T19:15:35 EEST" duration-ms="229" status="PASS">
          <reporter-output>
          </reporter-output>
        </test-method> <!-- newlyCreatedSkill_returned_whenGetAllSkills -->
        <test-method is-config="true" signature="tearDown()[pri:0, instance:weare.api.testing.skill.GetAllSkillsTests@11f0a5a1]" started-at="2023-10-19T19:15:35 EEST" name="tearDown" finished-at="2023-10-19T19:15:35 EEST" duration-ms="272" status="PASS">
          <reporter-output>
          </reporter-output>
        </test-method> <!-- tearDown -->
      </class> <!-- weare.api.testing.skill.GetAllSkillsTests -->
      <class name="weare.api.testing.post.LikeDislikeAPostTest">
        <test-method is-config="true" signature="setup()[pri:0, instance:weare.api.testing.post.LikeDislikeAPostTest@1672fe87]" started-at="2023-10-19T19:15:32 EEST" name="setup" finished-at="2023-10-19T19:15:32 EEST" duration-ms="1" status="PASS">
          <reporter-output>
          </reporter-output>
        </test-method> <!-- setup -->
        <test-method is-config="true" signature="createPost_Successful()[pri:0, instance:weare.api.testing.post.LikeDislikeAPostTest@1672fe87]" started-at="2023-10-19T19:15:32 EEST" name="createPost_Successful" finished-at="2023-10-19T19:15:32 EEST" duration-ms="0" status="PASS">
          <reporter-output>
          </reporter-output>
        </test-method> <!-- createPost_Successful -->
        <test-method signature="likeAndDislikePost_Successful()[pri:0, instance:weare.api.testing.post.LikeDislikeAPostTest@1672fe87]" started-at="2023-10-19T19:15:32 EEST" name="likeAndDislikePost_Successful" finished-at="2023-10-19T19:15:34 EEST" duration-ms="1823" status="PASS">
          <reporter-output>
          </reporter-output>
        </test-method> <!-- likeAndDislikePost_Successful -->
        <test-method is-config="true" signature="tearDown()[pri:0, instance:weare.api.testing.post.LikeDislikeAPostTest@1672fe87]" started-at="2023-10-19T19:15:49 EEST" name="tearDown" finished-at="2023-10-19T19:15:49 EEST" duration-ms="1" status="PASS">
          <reporter-output>
          </reporter-output>
        </test-method> <!-- tearDown -->
      </class> <!-- weare.api.testing.post.LikeDislikeAPostTest -->
      <class name="weare.api.testing.skill.DeleteSkillTests">
        <test-method is-config="true" signature="setup()[pri:0, instance:weare.api.testing.skill.DeleteSkillTests@1b45c0e]" started-at="2023-10-19T19:15:34 EEST" name="setup" finished-at="2023-10-19T19:15:34 EEST" duration-ms="274" status="PASS">
          <reporter-output>
          </reporter-output>
        </test-method> <!-- setup -->
        <test-method signature="deleteSkill_Successful()[pri:0, instance:weare.api.testing.skill.DeleteSkillTests@1b45c0e]" started-at="2023-10-19T19:15:34 EEST" name="deleteSkill_Successful" finished-at="2023-10-19T19:15:35 EEST" duration-ms="271" status="PASS">
          <reporter-output>
          </reporter-output>
        </test-method> <!-- deleteSkill_Successful -->
      </class> <!-- weare.api.testing.skill.DeleteSkillTests -->
      <class name="weare.api.testing.skill.UpdateSkillTests">
        <test-method is-config="true" signature="setup()[pri:0, instance:weare.api.testing.skill.UpdateSkillTests@73a8da0f]" started-at="2023-10-19T19:15:36 EEST" name="setup" finished-at="2023-10-19T19:15:37 EEST" duration-ms="275" status="PASS">
          <reporter-output>
          </reporter-output>
        </test-method> <!-- setup -->
        <test-method signature="updateSkill_Successful()[pri:0, instance:weare.api.testing.skill.UpdateSkillTests@73a8da0f]" started-at="2023-10-19T19:15:37 EEST" name="updateSkill_Successful" finished-at="2023-10-19T19:15:37 EEST" duration-ms="273" status="PASS">
          <reporter-output>
          </reporter-output>
        </test-method> <!-- updateSkill_Successful -->
        <test-method is-config="true" signature="tearDown()[pri:0, instance:weare.api.testing.skill.UpdateSkillTests@73a8da0f]" started-at="2023-10-19T19:15:37 EEST" name="tearDown" finished-at="2023-10-19T19:15:37 EEST" duration-ms="272" status="PASS">
          <reporter-output>
          </reporter-output>
        </test-method> <!-- tearDown -->
      </class> <!-- weare.api.testing.skill.UpdateSkillTests -->
      <class name="weare.api.testing.users.GetUserByIdTests">
        <test-method is-config="true" signature="setup()[pri:0, instance:weare.api.testing.users.GetUserByIdTests@4416d64f]" started-at="2023-10-19T19:15:39 EEST" name="setup" finished-at="2023-10-19T19:15:39 EEST" duration-ms="1" status="PASS">
          <reporter-output>
          </reporter-output>
        </test-method> <!-- setup -->
        <test-method is-config="true" signature="setupClass()[pri:0, instance:weare.api.testing.users.GetUserByIdTests@4416d64f]" started-at="2023-10-19T19:15:39 EEST" name="setupClass" finished-at="2023-10-19T19:15:39 EEST" duration-ms="0" status="PASS">
          <reporter-output>
          </reporter-output>
        </test-method> <!-- setupClass -->
        <test-method signature="getUserById_Successful()[pri:0, instance:weare.api.testing.users.GetUserByIdTests@4416d64f]" started-at="2023-10-19T19:15:39 EEST" name="getUserById_Successful" finished-at="2023-10-19T19:15:39 EEST" duration-ms="228" status="FAIL">
          <exception class="java.lang.AssertionError">
            <message>
              <![CDATA[Incorrect status code. expected [200] but found [404]]]>
            </message>
            <full-stacktrace>
              <![CDATA[java.lang.AssertionError: Incorrect status code. expected [200] but found [404]
at org.testng.Assert.fail(Assert.java:111)
at org.testng.Assert.failNotEquals(Assert.java:1578)
at org.testng.Assert.assertEqualsImpl(Assert.java:150)
at org.testng.Assert.assertEquals(Assert.java:132)
at org.testng.Assert.assertEquals(Assert.java:1419)
at org.testng.Assert.assertEquals(Assert.java:1383)
at base.BaseTestSetup.isResponse200(BaseTestSetup.java:52)
at weare.api.testing.users.GetUserByIdTests.getUserById_Successful(GetUserByIdTests.java:27)
at java.base/jdk.internal.reflect.NativeMethodAccessorImpl.invoke0(Native Method)
at java.base/jdk.internal.reflect.NativeMethodAccessorImpl.invoke(NativeMethodAccessorImpl.java:62)
at java.base/jdk.internal.reflect.DelegatingMethodAccessorImpl.invoke(DelegatingMethodAccessorImpl.java:43)
at java.base/java.lang.reflect.Method.invoke(Method.java:566)
at org.testng.internal.invokers.MethodInvocationHelper.invokeMethod(MethodInvocationHelper.java:139)
at org.testng.internal.invokers.TestInvoker.invokeMethod(TestInvoker.java:664)
at org.testng.internal.invokers.TestInvoker.invokeTestMethod(TestInvoker.java:227)
at org.testng.internal.invokers.MethodRunner.runInSequence(MethodRunner.java:50)
at org.testng.internal.invokers.TestInvoker$MethodInvocationAgent.invoke(TestInvoker.java:957)
at org.testng.internal.invokers.TestInvoker.invokeTestMethods(TestInvoker.java:200)
at org.testng.internal.invokers.TestMethodWorker.invokeTestMethods(TestMethodWorker.java:148)
at org.testng.internal.invokers.TestMethodWorker.run(TestMethodWorker.java:128)
at java.base/java.util.ArrayList.forEach(ArrayList.java:1541)
at org.testng.TestRunner.privateRun(TestRunner.java:848)
at org.testng.TestRunner.run(TestRunner.java:621)
at org.testng.SuiteRunner.runTest(SuiteRunner.java:443)
at org.testng.SuiteRunner.runSequentially(SuiteRunner.java:437)
at org.testng.SuiteRunner.privateRun(SuiteRunner.java:397)
at org.testng.SuiteRunner.run(SuiteRunner.java:336)
at org.testng.SuiteRunnerWorker.runSuite(SuiteRunnerWorker.java:52)
at org.testng.SuiteRunnerWorker.run(SuiteRunnerWorker.java:95)
at org.testng.TestNG.runSuitesSequentially(TestNG.java:1280)
at org.testng.TestNG.runSuitesLocally(TestNG.java:1200)
at org.testng.TestNG.runSuites(TestNG.java:1114)
at org.testng.TestNG.run(TestNG.java:1082)
at org.apache.maven.surefire.testng.TestNGExecutor.run(TestNGExecutor.java:155)
at org.apache.maven.surefire.testng.TestNGDirectoryTestSuite.executeMulti(TestNGDirectoryTestSuite.java:169)
at org.apache.maven.surefire.testng.TestNGDirectoryTestSuite.execute(TestNGDirectoryTestSuite.java:88)
at org.apache.maven.surefire.testng.TestNGProvider.invoke(TestNGProvider.java:137)
at org.apache.maven.surefire.booter.ForkedBooter.runSuitesInProcess(ForkedBooter.java:385)
at org.apache.maven.surefire.booter.ForkedBooter.execute(ForkedBooter.java:162)
at org.apache.maven.surefire.booter.ForkedBooter.run(ForkedBooter.java:507)
at org.apache.maven.surefire.booter.ForkedBooter.main(ForkedBooter.java:495)
]]>
            </full-stacktrace>
          </exception> <!-- java.lang.AssertionError -->
          <reporter-output>
          </reporter-output>
        </test-method> <!-- getUserById_Successful -->
      </class> <!-- weare.api.testing.users.GetUserByIdTests -->
      <class name="weare.api.testing.users.GetProfilePostsTests">
        <test-method is-config="true" signature="setupClass()[pri:0, instance:weare.api.testing.users.GetProfilePostsTests@50dfbc58]" started-at="2023-10-19T19:15:37 EEST" name="setupClass" finished-at="2023-10-19T19:15:37 EEST" duration-ms="0" status="PASS">
          <reporter-output>
          </reporter-output>
        </test-method> <!-- setupClass -->
        <test-method is-config="true" signature="setup()[pri:0, instance:weare.api.testing.users.GetProfilePostsTests@50dfbc58]" started-at="2023-10-19T19:15:37 EEST" name="setup" finished-at="2023-10-19T19:15:38 EEST" duration-ms="1253" status="PASS">
          <reporter-output>
          </reporter-output>
        </test-method> <!-- setup -->
        <test-method signature="getUserPosts_Successful()[pri:0, instance:weare.api.testing.users.GetProfilePostsTests@50dfbc58]" started-at="2023-10-19T19:15:38 EEST" name="getUserPosts_Successful" finished-at="2023-10-19T19:15:39 EEST" duration-ms="545" status="PASS">
          <reporter-output>
          </reporter-output>
        </test-method> <!-- getUserPosts_Successful -->
      </class> <!-- weare.api.testing.users.GetProfilePostsTests -->
      <class name="weare.api.testing.skill.CreateSkillTests">
        <test-method is-config="true" signature="setup()[pri:0, instance:weare.api.testing.skill.CreateSkillTests@5026735c]" started-at="2023-10-19T19:15:34 EEST" name="setup" finished-at="2023-10-19T19:15:34 EEST" duration-ms="0" status="PASS">
          <reporter-output>
          </reporter-output>
        </test-method> <!-- setup -->
        <test-method signature="createSkill_Successful()[pri:0, instance:weare.api.testing.skill.CreateSkillTests@5026735c]" started-at="2023-10-19T19:15:34 EEST" name="createSkill_Successful" finished-at="2023-10-19T19:15:34 EEST" duration-ms="320" status="PASS">
          <reporter-output>
          </reporter-output>
        </test-method> <!-- createSkill_Successful -->
        <test-method is-config="true" signature="tearDown()[pri:0, instance:weare.api.testing.skill.CreateSkillTests@5026735c]" started-at="2023-10-19T19:15:34 EEST" name="tearDown" finished-at="2023-10-19T19:15:34 EEST" duration-ms="293" status="PASS">
          <reporter-output>
          </reporter-output>
        </test-method> <!-- tearDown -->
      </class> <!-- weare.api.testing.skill.CreateSkillTests -->
      <class name="weare.api.testing.comment.LikeDislikeCommentTest">
        <test-method is-config="true" signature="setup()[pri:0, instance:weare.api.testing.comment.LikeDislikeCommentTest@662706a7]" started-at="2023-10-19T19:15:13 EEST" name="setup" finished-at="2023-10-19T19:15:15 EEST" duration-ms="1864" status="PASS">
          <reporter-output>
          </reporter-output>
        </test-method> <!-- setup -->
        <test-method signature="likeDislikeComment_Successful()[pri:0, instance:weare.api.testing.comment.LikeDislikeCommentTest@662706a7]" started-at="2023-10-19T19:15:15 EEST" name="likeDislikeComment_Successful" finished-at="2023-10-19T19:15:17 EEST" duration-ms="1608" status="PASS">
          <reporter-output>
          </reporter-output>
        </test-method> <!-- likeDislikeComment_Successful -->
        <test-method is-config="true" signature="tearDown()[pri:0, instance:weare.api.testing.comment.LikeDislikeCommentTest@662706a7]" started-at="2023-10-19T19:15:17 EEST" name="tearDown" finished-at="2023-10-19T19:15:18 EEST" duration-ms="1114" status="PASS">
          <reporter-output>
          </reporter-output>
        </test-method> <!-- tearDown -->
      </class> <!-- weare.api.testing.comment.LikeDislikeCommentTest -->
      <class name="weare.api.testing.connection.ApproveRequestTest">
        <test-method is-config="true" signature="setup()[pri:0, instance:weare.api.testing.connection.ApproveRequestTest@5c45d770]" started-at="2023-10-19T19:15:18 EEST" name="setup" finished-at="2023-10-19T19:15:18 EEST" duration-ms="7" status="PASS">
          <reporter-output>
          </reporter-output>
        </test-method> <!-- setup -->
        <test-method is-config="true" signature="setupClass()[pri:0, instance:weare.api.testing.connection.ApproveRequestTest@5c45d770]" started-at="2023-10-19T19:15:18 EEST" name="setupClass" finished-at="2023-10-19T19:15:20 EEST" duration-ms="1767" status="PASS">
          <reporter-output>
          </reporter-output>
        </test-method> <!-- setupClass -->
        <test-method is-config="true" signature="setupTest()[pri:0, instance:weare.api.testing.connection.ApproveRequestTest@5c45d770]" started-at="2023-10-19T19:15:20 EEST" name="setupTest" finished-at="2023-10-19T19:15:21 EEST" duration-ms="1232" status="PASS">
          <reporter-output>
          </reporter-output>
        </test-method> <!-- setupTest -->
        <test-method signature="approveRequest_successful()[pri:0, instance:weare.api.testing.connection.ApproveRequestTest@5c45d770]" started-at="2023-10-19T19:15:21 EEST" name="approveRequest_successful" finished-at="2023-10-19T19:15:21 EEST" duration-ms="226" status="PASS">
          <reporter-output>
          </reporter-output>
        </test-method> <!-- approveRequest_successful -->
      </class> <!-- weare.api.testing.connection.ApproveRequestTest -->
      <class name="weare.api.testing.comment.EditCommentTest">
        <test-method is-config="true" signature="setup()[pri:0, instance:weare.api.testing.comment.EditCommentTest@7674b62c]" started-at="2023-10-19T19:15:10 EEST" name="setup" finished-at="2023-10-19T19:15:11 EEST" duration-ms="1113" status="PASS">
          <reporter-output>
          </reporter-output>
        </test-method> <!-- setup -->
        <test-method signature="editComment_Successful()[pri:0, instance:weare.api.testing.comment.EditCommentTest@7674b62c]" started-at="2023-10-19T19:15:11 EEST" name="editComment_Successful" finished-at="2023-10-19T19:15:12 EEST" duration-ms="1246" status="PASS">
          <reporter-output>
          </reporter-output>
        </test-method> <!-- editComment_Successful -->
        <test-method is-config="true" signature="tearDown()[pri:0, instance:weare.api.testing.comment.EditCommentTest@7674b62c]" started-at="2023-10-19T19:15:12 EEST" name="tearDown" finished-at="2023-10-19T19:15:13 EEST" duration-ms="1111" status="PASS">
          <reporter-output>
          </reporter-output>
        </test-method> <!-- tearDown -->
      </class> <!-- weare.api.testing.comment.EditCommentTest -->
      <class name="weare.api.testing.connection.SendRequestTest">
        <test-method is-config="true" signature="setupClass()[pri:0, instance:weare.api.testing.connection.SendRequestTest@1bae316d]" started-at="2023-10-19T19:15:24 EEST" name="setupClass" finished-at="2023-10-19T19:15:26 EEST" duration-ms="1682" status="PASS">
          <reporter-output>
          </reporter-output>
        </test-method> <!-- setupClass -->
        <test-method is-config="true" signature="setup()[pri:0, instance:weare.api.testing.connection.SendRequestTest@1bae316d]" started-at="2023-10-19T19:15:26 EEST" name="setup" finished-at="2023-10-19T19:15:26 EEST" duration-ms="0" status="PASS">
          <reporter-output>
          </reporter-output>
        </test-method> <!-- setup -->
        <test-method signature="sendRequest_successful()[pri:0, instance:weare.api.testing.connection.SendRequestTest@1bae316d]" started-at="2023-10-19T19:15:26 EEST" name="sendRequest_successful" finished-at="2023-10-19T19:15:26 EEST" duration-ms="686" status="PASS">
          <reporter-output>
          </reporter-output>
        </test-method> <!-- sendRequest_successful -->
      </class> <!-- weare.api.testing.connection.SendRequestTest -->
      <class name="weare.api.testing.post.DeleteAPostTest">
        <test-method is-config="true" signature="setup()[pri:0, instance:weare.api.testing.post.DeleteAPostTest@6676f6a0]" started-at="2023-10-19T19:15:27 EEST" name="setup" finished-at="2023-10-19T19:15:28 EEST" duration-ms="1130" status="PASS">
          <reporter-output>
          </reporter-output>
        </test-method> <!-- setup -->
        <test-method signature="deletePost_Successful()[pri:0, instance:weare.api.testing.post.DeleteAPostTest@6676f6a0]" started-at="2023-10-19T19:15:28 EEST" name="deletePost_Successful" finished-at="2023-10-19T19:15:30 EEST" duration-ms="1692" status="PASS">
          <reporter-output>
          </reporter-output>
        </test-method> <!-- deletePost_Successful -->
      </class> <!-- weare.api.testing.post.DeleteAPostTest -->
      <class name="weare.api.testing.connection.GetUserRequestsTests">
        <test-method is-config="true" signature="setup()[pri:0, instance:weare.api.testing.connection.GetUserRequestsTests@2ce6c6ec]" started-at="2023-10-19T19:15:21 EEST" name="setup" finished-at="2023-10-19T19:15:21 EEST" duration-ms="1" status="PASS">
          <reporter-output>
          </reporter-output>
        </test-method> <!-- setup -->
        <test-method is-config="true" signature="setupClass()[pri:0, instance:weare.api.testing.connection.GetUserRequestsTests@2ce6c6ec]" started-at="2023-10-19T19:15:21 EEST" name="setupClass" finished-at="2023-10-19T19:15:23 EEST" duration-ms="1632" status="PASS">
          <reporter-output>
          </reporter-output>
        </test-method> <!-- setupClass -->
        <test-method is-config="true" signature="setupTest()[pri:0, instance:weare.api.testing.connection.GetUserRequestsTests@2ce6c6ec]" started-at="2023-10-19T19:15:23 EEST" name="setupTest" finished-at="2023-10-19T19:15:23 EEST" duration-ms="686" status="PASS">
          <reporter-output>
          </reporter-output>
        </test-method> <!-- setupTest -->
        <test-method signature="getUserRequestTest()[pri:0, instance:weare.api.testing.connection.GetUserRequestsTests@2ce6c6ec]" started-at="2023-10-19T19:15:23 EEST" name="getUserRequestTest" finished-at="2023-10-19T19:15:24 EEST" duration-ms="483" status="PASS">
          <reporter-output>
          </reporter-output>
        </test-method> <!-- getUserRequestTest -->
      </class> <!-- weare.api.testing.connection.GetUserRequestsTests -->
      <class name="weare.api.testing.users.UpdateUserExpertiseTests">
        <test-method is-config="true" signature="setupClass()[pri:0, instance:weare.api.testing.users.UpdateUserExpertiseTests@732d0d24]" started-at="2023-10-19T19:15:48 EEST" name="setupClass" finished-at="2023-10-19T19:15:48 EEST" duration-ms="0" status="PASS">
          <reporter-output>
          </reporter-output>
        </test-method> <!-- setupClass -->
        <test-method is-config="true" signature="setup()[pri:0, instance:weare.api.testing.users.UpdateUserExpertiseTests@732d0d24]" started-at="2023-10-19T19:15:48 EEST" name="setup" finished-at="2023-10-19T19:15:48 EEST" duration-ms="1" status="PASS">
          <reporter-output>
          </reporter-output>
        </test-method> <!-- setup -->
        <test-method signature="UserSuccessfullyUpdatesExpertise_When_ExpertiseChanged()[pri:0, instance:weare.api.testing.users.UpdateUserExpertiseTests@732d0d24]" started-at="2023-10-19T19:15:48 EEST" name="UserSuccessfullyUpdatesExpertise_When_ExpertiseChanged" finished-at="2023-10-19T19:15:48 EEST" duration-ms="619" status="FAIL">
          <exception class="java.lang.AssertionError">
            <message>
              <![CDATA[Incorrect status code. expected [200] but found [500]]]>
            </message>
            <full-stacktrace>
              <![CDATA[java.lang.AssertionError: Incorrect status code. expected [200] but found [500]
at org.testng.Assert.fail(Assert.java:111)
at org.testng.Assert.failNotEquals(Assert.java:1578)
at org.testng.Assert.assertEqualsImpl(Assert.java:150)
at org.testng.Assert.assertEquals(Assert.java:132)
at org.testng.Assert.assertEquals(Assert.java:1419)
at org.testng.Assert.assertEquals(Assert.java:1383)
at base.BaseTestSetup.isResponse200(BaseTestSetup.java:52)
at weare.api.testing.users.UpdateUserExpertiseTests.UserSuccessfullyUpdatesExpertise_When_ExpertiseChanged(UpdateUserExpertiseTests.java:33)
at java.base/jdk.internal.reflect.NativeMethodAccessorImpl.invoke0(Native Method)
at java.base/jdk.internal.reflect.NativeMethodAccessorImpl.invoke(NativeMethodAccessorImpl.java:62)
at java.base/jdk.internal.reflect.DelegatingMethodAccessorImpl.invoke(DelegatingMethodAccessorImpl.java:43)
at java.base/java.lang.reflect.Method.invoke(Method.java:566)
at org.testng.internal.invokers.MethodInvocationHelper.invokeMethod(MethodInvocationHelper.java:139)
at org.testng.internal.invokers.TestInvoker.invokeMethod(TestInvoker.java:664)
at org.testng.internal.invokers.TestInvoker.invokeTestMethod(TestInvoker.java:227)
at org.testng.internal.invokers.MethodRunner.runInSequence(MethodRunner.java:50)
at org.testng.internal.invokers.TestInvoker$MethodInvocationAgent.invoke(TestInvoker.java:957)
at org.testng.internal.invokers.TestInvoker.invokeTestMethods(TestInvoker.java:200)
at org.testng.internal.invokers.TestMethodWorker.invokeTestMethods(TestMethodWorker.java:148)
at org.testng.internal.invokers.TestMethodWorker.run(TestMethodWorker.java:128)
at java.base/java.util.ArrayList.forEach(ArrayList.java:1541)
at org.testng.TestRunner.privateRun(TestRunner.java:848)
at org.testng.TestRunner.run(TestRunner.java:621)
at org.testng.SuiteRunner.runTest(SuiteRunner.java:443)
at org.testng.SuiteRunner.runSequentially(SuiteRunner.java:437)
at org.testng.SuiteRunner.privateRun(SuiteRunner.java:397)
at org.testng.SuiteRunner.run(SuiteRunner.java:336)
at org.testng.SuiteRunnerWorker.runSuite(SuiteRunnerWorker.java:52)
at org.testng.SuiteRunnerWorker.run(SuiteRunnerWorker.java:95)
at org.testng.TestNG.runSuitesSequentially(TestNG.java:1280)
at org.testng.TestNG.runSuitesLocally(TestNG.java:1200)
at org.testng.TestNG.runSuites(TestNG.java:1114)
at org.testng.TestNG.run(TestNG.java:1082)
at org.apache.maven.surefire.testng.TestNGExecutor.run(TestNGExecutor.java:155)
at org.apache.maven.surefire.testng.TestNGDirectoryTestSuite.executeMulti(TestNGDirectoryTestSuite.java:169)
at org.apache.maven.surefire.testng.TestNGDirectoryTestSuite.execute(TestNGDirectoryTestSuite.java:88)
at org.apache.maven.surefire.testng.TestNGProvider.invoke(TestNGProvider.java:137)
at org.apache.maven.surefire.booter.ForkedBooter.runSuitesInProcess(ForkedBooter.java:385)
at org.apache.maven.surefire.booter.ForkedBooter.execute(ForkedBooter.java:162)
at org.apache.maven.surefire.booter.ForkedBooter.run(ForkedBooter.java:507)
at org.apache.maven.surefire.booter.ForkedBooter.main(ForkedBooter.java:495)
]]>
            </full-stacktrace>
          </exception> <!-- java.lang.AssertionError -->
          <reporter-output>
          </reporter-output>
        </test-method> <!-- UserSuccessfullyUpdatesExpertise_When_ExpertiseChanged -->
      </class> <!-- weare.api.testing.users.UpdateUserExpertiseTests -->
      <class name="weare.api.testing.comment.FindAllCommentsTest">
        <test-method is-config="true" signature="setup()[pri:0, instance:weare.api.testing.comment.FindAllCommentsTest@19e7a160]" started-at="2023-10-19T19:15:13 EEST" name="setup" finished-at="2023-10-19T19:15:13 EEST" duration-ms="0" status="PASS">
          <reporter-output>
          </reporter-output>
        </test-method> <!-- setup -->
        <test-method signature="findAllComments_Successful()[pri:0, instance:weare.api.testing.comment.FindAllCommentsTest@19e7a160]" started-at="2023-10-19T19:15:13 EEST" name="findAllComments_Successful" finished-at="2023-10-19T19:15:13 EEST" duration-ms="211" status="FAIL">
          <exception class="java.lang.AssertionError">
            <message>
              <![CDATA[The array size is more than or equal to 1 expected [true] but found [false]]]>
            </message>
            <full-stacktrace>
              <![CDATA[java.lang.AssertionError: The array size is more than or equal to 1 expected [true] but found [false]
at org.testng.Assert.fail(Assert.java:111)
at org.testng.Assert.failNotEquals(Assert.java:1578)
at org.testng.Assert.assertTrue(Assert.java:57)
at weare.api.testing.comment.FindAllCommentsTest.findAllComments_Successful(FindAllCommentsTest.java:33)
at java.base/jdk.internal.reflect.NativeMethodAccessorImpl.invoke0(Native Method)
at java.base/jdk.internal.reflect.NativeMethodAccessorImpl.invoke(NativeMethodAccessorImpl.java:62)
at java.base/jdk.internal.reflect.DelegatingMethodAccessorImpl.invoke(DelegatingMethodAccessorImpl.java:43)
at java.base/java.lang.reflect.Method.invoke(Method.java:566)
at org.testng.internal.invokers.MethodInvocationHelper.invokeMethod(MethodInvocationHelper.java:139)
at org.testng.internal.invokers.TestInvoker.invokeMethod(TestInvoker.java:664)
at org.testng.internal.invokers.TestInvoker.invokeTestMethod(TestInvoker.java:227)
at org.testng.internal.invokers.MethodRunner.runInSequence(MethodRunner.java:50)
at org.testng.internal.invokers.TestInvoker$MethodInvocationAgent.invoke(TestInvoker.java:957)
at org.testng.internal.invokers.TestInvoker.invokeTestMethods(TestInvoker.java:200)
at org.testng.internal.invokers.TestMethodWorker.invokeTestMethods(TestMethodWorker.java:148)
at org.testng.internal.invokers.TestMethodWorker.run(TestMethodWorker.java:128)
at java.base/java.util.ArrayList.forEach(ArrayList.java:1541)
at org.testng.TestRunner.privateRun(TestRunner.java:848)
at org.testng.TestRunner.run(TestRunner.java:621)
at org.testng.SuiteRunner.runTest(SuiteRunner.java:443)
at org.testng.SuiteRunner.runSequentially(SuiteRunner.java:437)
at org.testng.SuiteRunner.privateRun(SuiteRunner.java:397)
at org.testng.SuiteRunner.run(SuiteRunner.java:336)
at org.testng.SuiteRunnerWorker.runSuite(SuiteRunnerWorker.java:52)
at org.testng.SuiteRunnerWorker.run(SuiteRunnerWorker.java:95)
at org.testng.TestNG.runSuitesSequentially(TestNG.java:1280)
at org.testng.TestNG.runSuitesLocally(TestNG.java:1200)
at org.testng.TestNG.runSuites(TestNG.java:1114)
at org.testng.TestNG.run(TestNG.java:1082)
at org.apache.maven.surefire.testng.TestNGExecutor.run(TestNGExecutor.java:155)
at org.apache.maven.surefire.testng.TestNGDirectoryTestSuite.executeMulti(TestNGDirectoryTestSuite.java:169)
at org.apache.maven.surefire.testng.TestNGDirectoryTestSuite.execute(TestNGDirectoryTestSuite.java:88)
at org.apache.maven.surefire.testng.TestNGProvider.invoke(TestNGProvider.java:137)
at org.apache.maven.surefire.booter.ForkedBooter.runSuitesInProcess(ForkedBooter.java:385)
at org.apache.maven.surefire.booter.ForkedBooter.execute(ForkedBooter.java:162)
at org.apache.maven.surefire.booter.ForkedBooter.run(ForkedBooter.java:507)
at org.apache.maven.surefire.booter.ForkedBooter.main(ForkedBooter.java:495)
]]>
            </full-stacktrace>
          </exception> <!-- java.lang.AssertionError -->
          <reporter-output>
          </reporter-output>
        </test-method> <!-- findAllComments_Successful -->
      </class> <!-- weare.api.testing.comment.FindAllCommentsTest -->
      <class name="weare.api.testing.users.RegisterUserTests">
        <test-method is-config="true" signature="setup()[pri:0, instance:weare.api.testing.users.RegisterUserTests@5e3d57c7]" started-at="2023-10-19T19:15:47 EEST" name="setup" finished-at="2023-10-19T19:15:47 EEST" duration-ms="1" status="PASS">
          <reporter-output>
          </reporter-output>
        </test-method> <!-- setup -->
        <test-method is-config="true" signature="setupClass()[pri:0, instance:weare.api.testing.users.RegisterUserTests@5e3d57c7]" started-at="2023-10-19T19:15:47 EEST" name="setupClass" finished-at="2023-10-19T19:15:47 EEST" duration-ms="0" status="PASS">
          <reporter-output>
          </reporter-output>
        </test-method> <!-- setupClass -->
        <test-method signature="UserRegistration_When_InputValidData()[pri:0, instance:weare.api.testing.users.RegisterUserTests@5e3d57c7]" started-at="2023-10-19T19:15:47 EEST" name="UserRegistration_When_InputValidData" finished-at="2023-10-19T19:15:48 EEST" duration-ms="599" status="PASS">
          <reporter-output>
          </reporter-output>
        </test-method> <!-- UserRegistration_When_InputValidData -->
      </class> <!-- weare.api.testing.users.RegisterUserTests -->
      <class name="weare.api.testing.comment.DeleteCommentTest">
        <test-method is-config="true" signature="setup()[pri:0, instance:weare.api.testing.comment.DeleteCommentTest@2931522b]" started-at="2023-10-19T19:15:06 EEST" name="setup" finished-at="2023-10-19T19:15:08 EEST" duration-ms="1859" status="PASS">
          <reporter-output>
          </reporter-output>
        </test-method> <!-- setup -->
        <test-method signature="deleteComment_Successful()[pri:0, instance:weare.api.testing.comment.DeleteCommentTest@2931522b]" started-at="2023-10-19T19:15:08 EEST" name="deleteComment_Successful" finished-at="2023-10-19T19:15:10 EEST" duration-ms="1583" status="PASS">
          <reporter-output>
          </reporter-output>
        </test-method> <!-- deleteComment_Successful -->
      </class> <!-- weare.api.testing.comment.DeleteCommentTest -->
    </test> <!-- Surefire test -->
  </suite> <!-- Surefire suite -->
</testng-results>
